2025-10-29 10:48:43,472 WARNING database DDL Query made to DB:
create table `tabScheduled Flow` (
			name varchar(140) primary key,
			creation datetime(6),
			modified datetime(6),
			modified_by varchar(140),
			owner varchar(140),
			docstatus tinyint not null default '0',
			idx int not null default '0',
			`lesson` varchar(140),
`lesson_title` varchar(140),
`date` date,
`start_time` time(6),
`end_time` time(6),
parent varchar(140),
parentfield varchar(140),
parenttype varchar(140),
index parent(parent))
			ENGINE=InnoDB
			ROW_FORMAT=DYNAMIC
			CHARACTER SET=utf8mb4
			COLLATE=utf8mb4_unicode_ci
2025-10-29 10:48:43,546 WARNING database DDL Query made to DB:
create table `tabLMS Exercise` (
			name varchar(140) primary key,
			creation datetime(6),
			modified datetime(6),
			modified_by varchar(140),
			owner varchar(140),
			docstatus tinyint not null default '0',
			idx int not null default '0',
			`title` varchar(140),
`description` text,
`code` longtext,
`answer` longtext,
`course` varchar(140),
`hints` text,
`tests` longtext,
`image` longtext,
`lesson` varchar(140),
`index_` int(11) NOT NULL DEFAULT 0,
`index_label` varchar(140),
`_user_tags` text,
`_comments` text,
`_assign` text,
`_liked_by` text,
index creation(creation))
			ENGINE=InnoDB
			ROW_FORMAT=DYNAMIC
			CHARACTER SET=utf8mb4
			COLLATE=utf8mb4_unicode_ci
2025-10-29 10:48:43,651 WARNING database DDL Query made to DB:
create table `tabLMS Assignment Submission` (
			name varchar(140) primary key,
			creation datetime(6),
			modified datetime(6),
			modified_by varchar(140),
			owner varchar(140),
			docstatus tinyint not null default '0',
			idx int not null default '0',
			`assignment` varchar(140),
`assignment_title` varchar(140),
`type` varchar(140),
`member` varchar(140),
`member_name` varchar(140),
`evaluator` varchar(140),
`assignment_attachment` text,
`answer` longtext,
`status` varchar(140) DEFAULT 'Not Graded',
`comments` longtext,
`question` longtext,
`course` varchar(140),
`lesson` varchar(140),
`_user_tags` text,
`_comments` text,
`_assign` text,
`_liked_by` text,
index creation(creation),
index modified(modified))
			ENGINE=InnoDB
			ROW_FORMAT=DYNAMIC
			CHARACTER SET=utf8mb4
			COLLATE=utf8mb4_unicode_ci
2025-10-29 10:48:43,840 WARNING database DDL Query made to DB:
create table `tabLMS Batch` (
			name varchar(140) primary key,
			creation datetime(6),
			modified datetime(6),
			modified_by varchar(140),
			owner varchar(140),
			docstatus tinyint not null default '0',
			idx int not null default '0',
			`title` varchar(140),
`start_date` date,
`end_date` date,
`start_time` time(6),
`end_time` time(6),
`timezone` varchar(140),
`published` tinyint(4) NOT NULL DEFAULT 0,
`allow_self_enrollment` tinyint(4) NOT NULL DEFAULT 0,
`certification` tinyint(4) NOT NULL DEFAULT 0,
`description` text,
`zoom_account` varchar(140),
`medium` varchar(140) DEFAULT 'Online',
`category` varchar(140),
`confirmation_email_template` varchar(140),
`seat_count` int(11) NOT NULL DEFAULT 0,
`evaluation_end_date` date,
`meta_image` text,
`batch_details` longtext,
`batch_details_raw` longtext,
`timetable_template` varchar(140),
`show_live_class` tinyint(4) NOT NULL DEFAULT 0,
`allow_future` tinyint(4) NOT NULL DEFAULT 1,
`paid_batch` tinyint(4) NOT NULL DEFAULT 0,
`amount` decimal(21,9) NOT NULL DEFAULT 0.0,
`currency` varchar(140),
`amount_usd` decimal(21,9) NOT NULL DEFAULT 0.0,
`custom_component` longtext,
`custom_script` longtext,
`_user_tags` text,
`_comments` text,
`_assign` text,
`_liked_by` text,
index creation(creation),
index modified(modified))
			ENGINE=InnoDB
			ROW_FORMAT=DYNAMIC
			CHARACTER SET=utf8mb4
			COLLATE=utf8mb4_unicode_ci
2025-10-29 10:48:43,929 WARNING database DDL Query made to DB:
create table `tabCohort Join Request` (
			name varchar(140) primary key,
			creation datetime(6),
			modified datetime(6),
			modified_by varchar(140),
			owner varchar(140),
			docstatus tinyint not null default '0',
			idx int not null default '0',
			`cohort` varchar(140),
`email` varchar(140),
`subgroup` varchar(140),
`status` varchar(140) DEFAULT 'Pending',
`_user_tags` text,
`_comments` text,
`_assign` text,
`_liked_by` text,
index creation(creation),
index modified(modified))
			ENGINE=InnoDB
			ROW_FORMAT=DYNAMIC
			CHARACTER SET=utf8mb4
			COLLATE=utf8mb4_unicode_ci
2025-10-29 10:48:43,998 WARNING database DDL Query made to DB:
create table `tabCohort Mentor` (
			name varchar(140) primary key,
			creation datetime(6),
			modified datetime(6),
			modified_by varchar(140),
			owner varchar(140),
			docstatus tinyint not null default '0',
			idx int not null default '0',
			`cohort` varchar(140),
`email` varchar(140),
`subgroup` varchar(140),
`course` varchar(140),
`_user_tags` text,
`_comments` text,
`_assign` text,
`_liked_by` text,
index creation(creation),
index modified(modified))
			ENGINE=InnoDB
			ROW_FORMAT=DYNAMIC
			CHARACTER SET=utf8mb4
			COLLATE=utf8mb4_unicode_ci
2025-10-29 10:48:44,071 WARNING database DDL Query made to DB:
create table `tabLMS Badge` (
			name varchar(140) primary key,
			creation datetime(6),
			modified datetime(6),
			modified_by varchar(140),
			owner varchar(140),
			docstatus tinyint not null default '0',
			idx int not null default '0',
			`enabled` tinyint(4) NOT NULL DEFAULT 1,
`title` varchar(140) UNIQUE,
`description` text,
`reference_doctype` varchar(140),
`event` varchar(140),
`image` text,
`grant_only_once` tinyint(4) NOT NULL DEFAULT 0,
`user_field` varchar(140),
`field_to_check` varchar(140),
`condition` longtext,
`_user_tags` text,
`_comments` text,
`_assign` text,
`_liked_by` text,
index creation(creation))
			ENGINE=InnoDB
			ROW_FORMAT=DYNAMIC
			CHARACTER SET=utf8mb4
			COLLATE=utf8mb4_unicode_ci
2025-10-29 10:48:44,191 WARNING database DDL Query made to DB:
create table `tabExercise Latest Submission` (
			name varchar(140) primary key,
			creation datetime(6),
			modified datetime(6),
			modified_by varchar(140),
			owner varchar(140),
			docstatus tinyint not null default '0',
			idx int not null default '0',
			`exercise` varchar(140),
`status` varchar(140),
`batch_old` varchar(140),
`exercise_title` varchar(140),
`course` varchar(140),
`lesson` varchar(140),
`solution` longtext,
`image` longtext,
`test_results` text,
`comments` text,
`latest_submission` varchar(140),
`member` varchar(140),
`member_email` varchar(140),
`member_cohort` varchar(140),
`member_subgroup` varchar(140),
`_user_tags` text,
`_comments` text,
`_assign` text,
`_liked_by` text,
index `exercise`(`exercise`),
index `member_email`(`member_email`),
index `member_cohort`(`member_cohort`),
index `member_subgroup`(`member_subgroup`),
index creation(creation),
index modified(modified))
			ENGINE=InnoDB
			ROW_FORMAT=DYNAMIC
			CHARACTER SET=utf8mb4
			COLLATE=utf8mb4_unicode_ci
2025-10-29 10:48:44,269 WARNING database DDL Query made to DB:
create table `tabLMS Batch Old` (
			name varchar(140) primary key,
			creation datetime(6),
			modified datetime(6),
			modified_by varchar(140),
			owner varchar(140),
			docstatus tinyint not null default '0',
			idx int not null default '0',
			`course` varchar(140),
`start_date` date,
`start_time` time(6),
`title` varchar(140),
`sessions_on` varchar(140),
`end_time` time(6),
`description` longtext,
`visibility` varchar(140) DEFAULT 'Public',
`membership` varchar(140),
`status` varchar(140) DEFAULT 'Active',
`stage` varchar(140) DEFAULT 'Ready',
`_user_tags` text,
`_comments` text,
`_assign` text,
`_liked_by` text,
index creation(creation),
index modified(modified))
			ENGINE=InnoDB
			ROW_FORMAT=DYNAMIC
			CHARACTER SET=utf8mb4
			COLLATE=utf8mb4_unicode_ci
2025-10-29 10:48:44,327 WARNING database DDL Query made to DB:
create table `tabLMS Program Course` (
			name varchar(140) primary key,
			creation datetime(6),
			modified datetime(6),
			modified_by varchar(140),
			owner varchar(140),
			docstatus tinyint not null default '0',
			idx int not null default '0',
			`course` varchar(140),
`course_title` varchar(140),
parent varchar(140),
parentfield varchar(140),
parenttype varchar(140),
index parent(parent))
			ENGINE=InnoDB
			ROW_FORMAT=DYNAMIC
			CHARACTER SET=utf8mb4
			COLLATE=utf8mb4_unicode_ci
2025-10-29 10:48:44,433 WARNING database DDL Query made to DB:
create table `tabLMS Batch Enrollment` (
			name varchar(140) primary key,
			creation datetime(6),
			modified datetime(6),
			modified_by varchar(140),
			owner varchar(140),
			docstatus tinyint not null default '0',
			idx int not null default '0',
			`member` varchar(140),
`member_name` varchar(140),
`member_username` varchar(140),
`batch` varchar(140),
`payment` varchar(140),
`source` varchar(140),
`confirmation_email_sent` tinyint(4) NOT NULL DEFAULT 0,
`_user_tags` text,
`_comments` text,
`_assign` text,
`_liked_by` text,
index creation(creation))
			ENGINE=InnoDB
			ROW_FORMAT=DYNAMIC
			CHARACTER SET=utf8mb4
			COLLATE=utf8mb4_unicode_ci
2025-10-29 10:48:44,503 WARNING database DDL Query made to DB:
create table `tabLMS Test Case Submission` (
			name varchar(140) primary key,
			creation datetime(6),
			modified datetime(6),
			modified_by varchar(140),
			owner varchar(140),
			docstatus tinyint not null default '0',
			idx int not null default '0',
			`input` varchar(140),
`expected_output` varchar(140),
`output` varchar(140),
`status` varchar(140),
parent varchar(140),
parentfield varchar(140),
parenttype varchar(140),
index parent(parent))
			ENGINE=InnoDB
			ROW_FORMAT=DYNAMIC
			CHARACTER SET=utf8mb4
			COLLATE=utf8mb4_unicode_ci
2025-10-29 10:48:44,573 WARNING database DDL Query made to DB:
create table `tabLMS Timetable Legend` (
			name varchar(140) primary key,
			creation datetime(6),
			modified datetime(6),
			modified_by varchar(140),
			owner varchar(140),
			docstatus tinyint not null default '0',
			idx int not null default '0',
			`reference_doctype` varchar(140),
`label` varchar(140),
`color` varchar(140),
parent varchar(140),
parentfield varchar(140),
parenttype varchar(140),
index parent(parent))
			ENGINE=InnoDB
			ROW_FORMAT=DYNAMIC
			CHARACTER SET=utf8mb4
			COLLATE=utf8mb4_unicode_ci
2025-10-29 10:48:44,663 WARNING database DDL Query made to DB:
create table `tabLMS Quiz` (
			name varchar(140) primary key,
			creation datetime(6),
			modified datetime(6),
			modified_by varchar(140),
			owner varchar(140),
			docstatus tinyint not null default '0',
			idx int not null default '0',
			`title` varchar(140) UNIQUE,
`max_attempts` int(11) NOT NULL DEFAULT 0,
`show_answers` tinyint(4) NOT NULL DEFAULT 1,
`show_submission_history` tinyint(4) NOT NULL DEFAULT 0,
`total_marks` int(11) NOT NULL DEFAULT 0,
`passing_percentage` int(11) NOT NULL DEFAULT 0,
`duration` varchar(140),
`shuffle_questions` tinyint(4) NOT NULL DEFAULT 0,
`limit_questions_to` int(11) NOT NULL DEFAULT 0,
`enable_negative_marking` tinyint(4) NOT NULL DEFAULT 0,
`marks_to_cut` int(11) NOT NULL DEFAULT 1,
`lesson` varchar(140),
`course` varchar(140),
`_user_tags` text,
`_comments` text,
`_assign` text,
`_liked_by` text,
index creation(creation),
index modified(modified))
			ENGINE=InnoDB
			ROW_FORMAT=DYNAMIC
			CHARACTER SET=utf8mb4
			COLLATE=utf8mb4_unicode_ci
2025-10-29 10:48:44,833 WARNING database DDL Query made to DB:
create table `tabLMS Course` (
			name varchar(140) primary key,
			creation datetime(6),
			modified datetime(6),
			modified_by varchar(140),
			owner varchar(140),
			docstatus tinyint not null default '0',
			idx int not null default '0',
			`title` varchar(140),
`video_link` varchar(140),
`tags` varchar(140),
`category` varchar(140),
`status` varchar(140) DEFAULT 'In Progress',
`image` text,
`card_gradient` varchar(140),
`published` tinyint(4) NOT NULL DEFAULT 0,
`published_on` date,
`upcoming` tinyint(4) NOT NULL DEFAULT 0,
`featured` tinyint(4) NOT NULL DEFAULT 0,
`disable_self_learning` tinyint(4) NOT NULL DEFAULT 0,
`short_introduction` text,
`description` longtext,
`paid_course` tinyint(4) NOT NULL DEFAULT 0,
`enable_certification` tinyint(4) NOT NULL DEFAULT 0,
`paid_certificate` tinyint(4) NOT NULL DEFAULT 0,
`course_price` decimal(21,9) NOT NULL DEFAULT 0.0,
`currency` varchar(140),
`amount_usd` decimal(21,9) NOT NULL DEFAULT 0.0,
`evaluator` varchar(140),
`timezone` varchar(140),
`enrollments` int(11) NOT NULL DEFAULT 0,
`lessons` int(11) NOT NULL DEFAULT 0,
`rating` varchar(140) DEFAULT '0',
`_user_tags` text,
`_comments` text,
`_assign` text,
`_liked_by` text,
index creation(creation))
			ENGINE=InnoDB
			ROW_FORMAT=DYNAMIC
			CHARACTER SET=utf8mb4
			COLLATE=utf8mb4_unicode_ci
2025-10-29 10:48:45,004 WARNING database DDL Query made to DB:
create table `tabLMS Certificate` (
			name varchar(140) primary key,
			creation datetime(6),
			modified datetime(6),
			modified_by varchar(140),
			owner varchar(140),
			docstatus tinyint not null default '0',
			idx int not null default '0',
			`member` varchar(140),
`member_name` varchar(140),
`evaluator` varchar(140),
`evaluator_name` varchar(140),
`issue_date` date,
`expiry_date` date,
`template` varchar(140),
`published` tinyint(4) NOT NULL DEFAULT 0,
`course` varchar(140),
`course_title` varchar(140),
`batch_name` varchar(140),
`batch_title` varchar(140),
`_user_tags` text,
`_comments` text,
`_assign` text,
`_liked_by` text,
index creation(creation),
index modified(modified))
			ENGINE=InnoDB
			ROW_FORMAT=DYNAMIC
			CHARACTER SET=utf8mb4
			COLLATE=utf8mb4_unicode_ci
2025-10-29 10:48:45,100 WARNING database DDL Query made to DB:
create table `tabLMS Question` (
			name varchar(140) primary key,
			creation datetime(6),
			modified datetime(6),
			modified_by varchar(140),
			owner varchar(140),
			docstatus tinyint not null default '0',
			idx int not null default '0',
			`question` longtext,
`type` varchar(140),
`multiple` tinyint(4) NOT NULL DEFAULT 0,
`option_1` text,
`is_correct_1` tinyint(4) NOT NULL DEFAULT 0,
`explanation_1` text,
`option_2` text,
`is_correct_2` tinyint(4) NOT NULL DEFAULT 0,
`explanation_2` text,
`option_3` text,
`is_correct_3` tinyint(4) NOT NULL DEFAULT 0,
`explanation_3` text,
`option_4` text,
`is_correct_4` tinyint(4) NOT NULL DEFAULT 0,
`explanation_4` text,
`possibility_1` text,
`possibility_3` text,
`possibility_2` text,
`possibility_4` text,
`_user_tags` text,
`_comments` text,
`_assign` text,
`_liked_by` text,
index creation(creation),
index modified(modified))
			ENGINE=InnoDB
			ROW_FORMAT=DYNAMIC
			CHARACTER SET=utf8mb4
			COLLATE=utf8mb4_unicode_ci
2025-10-29 10:48:45,200 WARNING database DDL Query made to DB:
create table `tabLMS Programming Exercise Submission` (
			name varchar(140) primary key,
			creation datetime(6),
			modified datetime(6),
			modified_by varchar(140),
			owner varchar(140),
			docstatus tinyint not null default '0',
			idx int not null default '0',
			`exercise` varchar(140),
`exercise_title` varchar(140),
`status` varchar(140),
`member` varchar(140),
`member_name` varchar(140),
`member_image` text,
`code` longtext,
`_user_tags` text,
`_comments` text,
`_assign` text,
`_liked_by` text,
index creation(creation))
			ENGINE=InnoDB
			ROW_FORMAT=DYNAMIC
			CHARACTER SET=utf8mb4
			COLLATE=utf8mb4_unicode_ci
2025-10-29 10:48:45,302 WARNING database DDL Query made to DB:
create table `tabLMS Certificate Request` (
			name varchar(140) primary key,
			creation datetime(6),
			modified datetime(6),
			modified_by varchar(140),
			owner varchar(140),
			docstatus tinyint not null default '0',
			idx int not null default '0',
			`course` varchar(140),
`course_title` varchar(140),
`member` varchar(140),
`member_name` varchar(140),
`evaluator` varchar(140),
`evaluator_name` varchar(140),
`batch_name` varchar(140),
`batch_title` varchar(140),
`timezone` varchar(140),
`date` date,
`day` varchar(140),
`google_meet_link` varchar(140),
`start_time` time(6),
`end_time` time(6),
`status` varchar(140),
`_user_tags` text,
`_comments` text,
`_assign` text,
`_liked_by` text,
index creation(creation),
index modified(modified))
			ENGINE=InnoDB
			ROW_FORMAT=DYNAMIC
			CHARACTER SET=utf8mb4
			COLLATE=utf8mb4_unicode_ci
2025-10-29 10:48:45,413 WARNING database DDL Query made to DB:
create table `tabLMS Payment` (
			name varchar(140) primary key,
			creation datetime(6),
			modified datetime(6),
			modified_by varchar(140),
			owner varchar(140),
			docstatus tinyint not null default '0',
			idx int not null default '0',
			`member` varchar(140),
`billing_name` varchar(140),
`source` varchar(140),
`payment_for_document_type` varchar(140),
`payment_for_document` varchar(140),
`payment_received` tinyint(4) NOT NULL DEFAULT 0,
`payment_for_certificate` tinyint(4) NOT NULL DEFAULT 0,
`currency` varchar(140),
`amount` decimal(21,9) NOT NULL DEFAULT 0.0,
`amount_with_gst` decimal(21,9) NOT NULL DEFAULT 0.0,
`order_id` varchar(140),
`payment_id` varchar(140),
`address` varchar(140),
`gstin` varchar(140),
`pan` varchar(140),
`_user_tags` text,
`_comments` text,
`_assign` text,
`_liked_by` text,
index creation(creation),
index modified(modified))
			ENGINE=InnoDB
			ROW_FORMAT=DYNAMIC
			CHARACTER SET=utf8mb4
			COLLATE=utf8mb4_unicode_ci
2025-10-29 10:48:45,496 WARNING database DDL Query made to DB:
create table `tabLMS Zoom Settings` (
			name varchar(140) primary key,
			creation datetime(6),
			modified datetime(6),
			modified_by varchar(140),
			owner varchar(140),
			docstatus tinyint not null default '0',
			idx int not null default '0',
			`enabled` tinyint(4) NOT NULL DEFAULT 0,
`account_name` varchar(140) UNIQUE,
`member` varchar(140),
`member_name` varchar(140),
`member_image` text,
`account_id` varchar(140),
`client_id` varchar(140),
`client_secret` text,
`_user_tags` text,
`_comments` text,
`_assign` text,
`_liked_by` text,
index creation(creation))
			ENGINE=InnoDB
			ROW_FORMAT=DYNAMIC
			CHARACTER SET=utf8mb4
			COLLATE=utf8mb4_unicode_ci
2025-10-29 10:48:45,575 WARNING database DDL Query made to DB:
create table `tabLMS Program` (
			name varchar(140) primary key,
			creation datetime(6),
			modified datetime(6),
			modified_by varchar(140),
			owner varchar(140),
			docstatus tinyint not null default '0',
			idx int not null default '0',
			`title` varchar(140) UNIQUE,
`published` tinyint(4) NOT NULL DEFAULT 0,
`enforce_course_order` tinyint(4) NOT NULL DEFAULT 0,
`course_count` int(11) NOT NULL DEFAULT 0,
`member_count` int(11) NOT NULL DEFAULT 0,
`_user_tags` text,
`_comments` text,
`_assign` text,
`_liked_by` text,
index creation(creation))
			ENGINE=InnoDB
			ROW_FORMAT=DYNAMIC
			CHARACTER SET=utf8mb4
			COLLATE=utf8mb4_unicode_ci
2025-10-29 10:48:45,661 WARNING database DDL Query made to DB:
create table `tabCohort Staff` (
			name varchar(140) primary key,
			creation datetime(6),
			modified datetime(6),
			modified_by varchar(140),
			owner varchar(140),
			docstatus tinyint not null default '0',
			idx int not null default '0',
			`cohort` varchar(140),
`course` varchar(140),
`email` varchar(140),
`role` varchar(140),
`_user_tags` text,
`_comments` text,
`_assign` text,
`_liked_by` text,
index creation(creation),
index modified(modified))
			ENGINE=InnoDB
			ROW_FORMAT=DYNAMIC
			CHARACTER SET=utf8mb4
			COLLATE=utf8mb4_unicode_ci
2025-10-29 10:48:45,745 WARNING database DDL Query made to DB:
create table `tabLMS Live Class Participant` (
			name varchar(140) primary key,
			creation datetime(6),
			modified datetime(6),
			modified_by varchar(140),
			owner varchar(140),
			docstatus tinyint not null default '0',
			idx int not null default '0',
			`live_class` varchar(140),
`joined_at` datetime(6),
`duration` int(11) NOT NULL DEFAULT 0,
`left_at` datetime(6),
`member` varchar(140),
`member_name` varchar(140),
`member_image` text,
`member_username` varchar(140),
`_user_tags` text,
`_comments` text,
`_assign` text,
`_liked_by` text,
index creation(creation))
			ENGINE=InnoDB
			ROW_FORMAT=DYNAMIC
			CHARACTER SET=utf8mb4
			COLLATE=utf8mb4_unicode_ci
2025-10-29 10:48:45,837 WARNING database DDL Query made to DB:
create table `tabPayment Country` (
			name varchar(140) primary key,
			creation datetime(6),
			modified datetime(6),
			modified_by varchar(140),
			owner varchar(140),
			docstatus tinyint not null default '0',
			idx int not null default '0',
			`country` varchar(140),
parent varchar(140),
parentfield varchar(140),
parenttype varchar(140),
index parent(parent))
			ENGINE=InnoDB
			ROW_FORMAT=DYNAMIC
			CHARACTER SET=utf8mb4
			COLLATE=utf8mb4_unicode_ci
2025-10-29 10:48:45,901 WARNING database DDL Query made to DB:
create table `tabLMS Course Interest` (
			name varchar(140) primary key,
			creation datetime(6),
			modified datetime(6),
			modified_by varchar(140),
			owner varchar(140),
			docstatus tinyint not null default '0',
			idx int not null default '0',
			`course` varchar(140),
`user` varchar(140),
`email_sent` tinyint(4) NOT NULL DEFAULT 0,
`_user_tags` text,
`_comments` text,
`_assign` text,
`_liked_by` text,
index creation(creation),
index modified(modified))
			ENGINE=InnoDB
			ROW_FORMAT=DYNAMIC
			CHARACTER SET=utf8mb4
			COLLATE=utf8mb4_unicode_ci
2025-10-29 10:48:46,031 WARNING database DDL Query made to DB:
create table `tabLMS Live Class` (
			name varchar(140) primary key,
			creation datetime(6),
			modified datetime(6),
			modified_by varchar(140),
			owner varchar(140),
			docstatus tinyint not null default '0',
			idx int not null default '0',
			`title` varchar(140),
`host` varchar(140),
`zoom_account` varchar(140),
`batch_name` varchar(140),
`date` date,
`time` time(6),
`duration` int(11) NOT NULL DEFAULT 0,
`timezone` varchar(140),
`description` text,
`event` varchar(140),
`auto_recording` varchar(140) DEFAULT 'No Recording',
`meeting_id` varchar(140),
`uuid` varchar(140),
`attendees` int(11) NOT NULL DEFAULT 0,
`password` text,
`start_url` text,
`join_url` text,
`_user_tags` text,
`_comments` text,
`_assign` text,
`_liked_by` text,
index creation(creation),
index modified(modified))
			ENGINE=InnoDB
			ROW_FORMAT=DYNAMIC
			CHARACTER SET=utf8mb4
			COLLATE=utf8mb4_unicode_ci
2025-10-29 10:48:46,099 WARNING database DDL Query made to DB:
create table `tabLMS Test Case` (
			name varchar(140) primary key,
			creation datetime(6),
			modified datetime(6),
			modified_by varchar(140),
			owner varchar(140),
			docstatus tinyint not null default '0',
			idx int not null default '0',
			`input` varchar(140),
`expected_output` varchar(140),
parent varchar(140),
parentfield varchar(140),
parenttype varchar(140),
index parent(parent))
			ENGINE=InnoDB
			ROW_FORMAT=DYNAMIC
			CHARACTER SET=utf8mb4
			COLLATE=utf8mb4_unicode_ci
2025-10-29 10:48:46,189 WARNING database DDL Query made to DB:
create table `tabLMS Certificate Evaluation` (
			name varchar(140) primary key,
			creation datetime(6),
			modified datetime(6),
			modified_by varchar(140),
			owner varchar(140),
			docstatus tinyint not null default '0',
			idx int not null default '0',
			`member` varchar(140),
`member_name` varchar(140),
`course` varchar(140),
`batch_name` varchar(140),
`evaluator` varchar(140),
`evaluator_name` varchar(140),
`date` date,
`start_time` time(6),
`end_time` time(6),
`rating` decimal(3,2),
`status` varchar(140),
`summary` text,
`_user_tags` text,
`_comments` text,
`_assign` text,
`_liked_by` text,
index creation(creation),
index modified(modified))
			ENGINE=InnoDB
			ROW_FORMAT=DYNAMIC
			CHARACTER SET=utf8mb4
			COLLATE=utf8mb4_unicode_ci
2025-10-29 10:48:46,254 WARNING database DDL Query made to DB:
create sequence if not exists batch_course_id_seq nocache nocycle
2025-10-29 10:48:46,262 WARNING database DDL Query made to DB:
create table `tabBatch Course` (
			name bigint primary key,
			creation datetime(6),
			modified datetime(6),
			modified_by varchar(140),
			owner varchar(140),
			docstatus tinyint not null default '0',
			idx int not null default '0',
			`course` varchar(140),
`title` varchar(140),
`evaluator` varchar(140),
parent varchar(140),
parentfield varchar(140),
parenttype varchar(140),
index parent(parent))
			ENGINE=InnoDB
			ROW_FORMAT=DYNAMIC
			CHARACTER SET=utf8mb4
			COLLATE=utf8mb4_unicode_ci
2025-10-29 10:48:46,358 WARNING database DDL Query made to DB:
create table `tabExercise Submission` (
			name varchar(140) primary key,
			creation datetime(6),
			modified datetime(6),
			modified_by varchar(140),
			owner varchar(140),
			docstatus tinyint not null default '0',
			idx int not null default '0',
			`exercise` varchar(140),
`status` varchar(140),
`batch_old` varchar(140),
`exercise_title` varchar(140),
`course` varchar(140),
`lesson` varchar(140),
`solution` longtext,
`image` longtext,
`test_results` text,
`comments` text,
`member` varchar(140),
`_user_tags` text,
`_comments` text,
`_assign` text,
`_liked_by` text,
index creation(creation),
index modified(modified))
			ENGINE=InnoDB
			ROW_FORMAT=DYNAMIC
			CHARACTER SET=utf8mb4
			COLLATE=utf8mb4_unicode_ci
2025-10-29 10:48:46,414 WARNING database DDL Query made to DB:
create table `tabLMS Program Member` (
			name varchar(140) primary key,
			creation datetime(6),
			modified datetime(6),
			modified_by varchar(140),
			owner varchar(140),
			docstatus tinyint not null default '0',
			idx int not null default '0',
			`member` varchar(140),
`full_name` varchar(140),
`progress` int(11) NOT NULL DEFAULT 0,
parent varchar(140),
parentfield varchar(140),
parenttype varchar(140),
index parent(parent))
			ENGINE=InnoDB
			ROW_FORMAT=DYNAMIC
			CHARACTER SET=utf8mb4
			COLLATE=utf8mb4_unicode_ci
2025-10-29 10:48:46,638 WARNING database DDL Query made to DB:
create table `tabSkills` (
			name varchar(140) primary key,
			creation datetime(6),
			modified datetime(6),
			modified_by varchar(140),
			owner varchar(140),
			docstatus tinyint not null default '0',
			idx int not null default '0',
			`skill_name` varchar(140),
parent varchar(140),
parentfield varchar(140),
parenttype varchar(140),
index parent(parent))
			ENGINE=InnoDB
			ROW_FORMAT=DYNAMIC
			CHARACTER SET=utf8mb4
			COLLATE=utf8mb4_unicode_ci
2025-10-29 10:48:46,711 WARNING database DDL Query made to DB:
create table `tabCohort Web Page` (
			name varchar(140) primary key,
			creation datetime(6),
			modified datetime(6),
			modified_by varchar(140),
			owner varchar(140),
			docstatus tinyint not null default '0',
			idx int not null default '0',
			`slug` varchar(140),
`title` varchar(140),
`template` varchar(140),
`scope` varchar(140) DEFAULT 'Cohort',
`required_role` varchar(140) DEFAULT 'Public',
parent varchar(140),
parentfield varchar(140),
parenttype varchar(140),
index parent(parent))
			ENGINE=InnoDB
			ROW_FORMAT=DYNAMIC
			CHARACTER SET=utf8mb4
			COLLATE=utf8mb4_unicode_ci
2025-10-29 10:48:46,805 WARNING database DDL Query made to DB:
create table `tabCourse Chapter` (
			name varchar(140) primary key,
			creation datetime(6),
			modified datetime(6),
			modified_by varchar(140),
			owner varchar(140),
			docstatus tinyint not null default '0',
			idx int not null default '0',
			`title` varchar(140),
`course` varchar(140),
`course_title` varchar(140),
`is_scorm_package` tinyint(4) NOT NULL DEFAULT 0,
`scorm_package` varchar(140),
`scorm_package_path` longtext,
`manifest_file` longtext,
`launch_file` longtext,
`_user_tags` text,
`_comments` text,
`_assign` text,
`_liked_by` text,
index creation(creation),
index modified(modified))
			ENGINE=InnoDB
			ROW_FORMAT=DYNAMIC
			CHARACTER SET=utf8mb4
			COLLATE=utf8mb4_unicode_ci
2025-10-29 10:48:46,934 WARNING database DDL Query made to DB:
create table `tabCourse Lesson` (
			name varchar(140) primary key,
			creation datetime(6),
			modified datetime(6),
			modified_by varchar(140),
			owner varchar(140),
			docstatus tinyint not null default '0',
			idx int not null default '0',
			`title` varchar(140),
`include_in_preview` tinyint(4) NOT NULL DEFAULT 0,
`chapter` varchar(140),
`is_scorm_package` tinyint(4) NOT NULL DEFAULT 0,
`course` varchar(140),
`content` text,
`body` longtext,
`instructor_content` text,
`instructor_notes` longtext,
`youtube` varchar(140),
`quiz_id` varchar(140),
`question` text,
`file_type` varchar(140),
`_user_tags` text,
`_comments` text,
`_assign` text,
`_liked_by` text,
index creation(creation),
index modified(modified))
			ENGINE=InnoDB
			ROW_FORMAT=DYNAMIC
			CHARACTER SET=utf8mb4
			COLLATE=utf8mb4_unicode_ci
2025-10-29 10:48:47,021 WARNING database DDL Query made to DB:
create table `tabCohort Subgroup` (
			name varchar(140) primary key,
			creation datetime(6),
			modified datetime(6),
			modified_by varchar(140),
			owner varchar(140),
			docstatus tinyint not null default '0',
			idx int not null default '0',
			`cohort` varchar(140),
`slug` varchar(140),
`title` varchar(140),
`invite_code` varchar(140),
`course` varchar(140),
`description` longtext,
`_user_tags` text,
`_comments` text,
`_assign` text,
`_liked_by` text,
index creation(creation),
index modified(modified))
			ENGINE=InnoDB
			ROW_FORMAT=DYNAMIC
			CHARACTER SET=utf8mb4
			COLLATE=utf8mb4_unicode_ci
2025-10-29 10:48:47,083 WARNING database DDL Query made to DB:
create table `tabCourse Instructor` (
			name varchar(140) primary key,
			creation datetime(6),
			modified datetime(6),
			modified_by varchar(140),
			owner varchar(140),
			docstatus tinyint not null default '0',
			idx int not null default '0',
			`instructor` varchar(140),
parent varchar(140),
parentfield varchar(140),
parenttype varchar(140),
index parent(parent))
			ENGINE=InnoDB
			ROW_FORMAT=DYNAMIC
			CHARACTER SET=utf8mb4
			COLLATE=utf8mb4_unicode_ci
2025-10-29 10:48:47,562 WARNING database DDL Query made to DB:
create table `tabJob Opportunity` (
			name varchar(140) primary key,
			creation datetime(6),
			modified datetime(6),
			modified_by varchar(140),
			owner varchar(140),
			docstatus tinyint not null default '0',
			idx int not null default '0',
			`job_title` varchar(140),
`location` varchar(140),
`country` varchar(140),
`type` varchar(140) DEFAULT 'Full Time',
`work_mode` varchar(140),
`status` varchar(140) DEFAULT 'Open',
`disabled` tinyint(4) NOT NULL DEFAULT 0,
`company_name` varchar(140),
`company_website` varchar(140),
`company_logo` text,
`company_email_address` varchar(140),
`description` longtext,
`_user_tags` text,
`_comments` text,
`_assign` text,
`_liked_by` text,
index creation(creation),
index modified(modified))
			ENGINE=InnoDB
			ROW_FORMAT=DYNAMIC
			CHARACTER SET=utf8mb4
			COLLATE=utf8mb4_unicode_ci
2025-10-29 10:48:47,650 WARNING database DDL Query made to DB:
create table `tabLMS Job Application` (
			name varchar(140) primary key,
			creation datetime(6),
			modified datetime(6),
			modified_by varchar(140),
			owner varchar(140),
			docstatus tinyint not null default '0',
			idx int not null default '0',
			`user` varchar(140),
`resume` text,
`job` varchar(140),
`job_title` varchar(140),
`company` varchar(140),
`_user_tags` text,
`_comments` text,
`_assign` text,
`_liked_by` text,
index creation(creation),
index modified(modified))
			ENGINE=InnoDB
			ROW_FORMAT=DYNAMIC
			CHARACTER SET=utf8mb4
			COLLATE=utf8mb4_unicode_ci
2025-10-29 10:48:49,629 WARNING database DDL Query made to DB:
ALTER TABLE `tabWeb Form` ADD COLUMN `accept_payment` tinyint(4) NOT NULL DEFAULT 0
2025-10-29 10:48:49,791 WARNING database DDL Query made to DB:
ALTER TABLE `tabUser` ADD COLUMN `country` varchar(140)
2025-10-29 10:48:49,921 WARNING database DDL Query made to DB:
ALTER TABLE `tabUser` ADD COLUMN `verify_terms` tinyint(4) NOT NULL DEFAULT 0
2025-10-29 10:48:50,093 WARNING database DDL Query made to DB:
ALTER TABLE `tabUser` ADD COLUMN `user_category` varchar(140)
2025-10-29 10:48:50,248 WARNING database DDL Query made to DB:
ALTER TABLE `tabUser` ADD COLUMN `cover_image` text
2025-10-29 10:48:50,415 WARNING database DDL Query made to DB:
ALTER TABLE `tabUser` ADD COLUMN `looking_for_job` tinyint(4) NOT NULL DEFAULT 0
2025-10-29 10:48:50,620 WARNING database DDL Query made to DB:
ALTER TABLE `tabUser` ADD COLUMN `linkedin` varchar(140)
2025-10-29 10:48:50,840 WARNING database DDL Query made to DB:
ALTER TABLE `tabUser` ADD COLUMN `github` varchar(140)
2025-10-29 10:48:51,023 WARNING database DDL Query made to DB:
ALTER TABLE `tabUser` ADD COLUMN `medium` varchar(140)
2025-10-29 10:48:51,234 WARNING database DDL Query made to DB:
ALTER TABLE `tabUser` ADD COLUMN `profession` varchar(140)
2025-10-29 10:48:51,484 WARNING database DDL Query made to DB:
ALTER TABLE `tabUser` ADD COLUMN `hide_private` tinyint(4) NOT NULL DEFAULT 0
2025-10-29 10:48:53,627 WARNING database DDL Query made to DB:
ALTER TABLE `tabUser` ADD COLUMN `preferred_location` varchar(140)
2025-10-29 10:48:54,821 WARNING database DDL Query made to DB:
ALTER TABLE `tabUser` ADD COLUMN `dream_companies` varchar(140)
2025-10-29 10:48:55,034 WARNING database DDL Query made to DB:
ALTER TABLE `tabWeb Form` ADD COLUMN `payment_button_label` varchar(140) DEFAULT 'Buy Now'
2025-10-29 10:48:55,573 WARNING database DDL Query made to DB:
ALTER TABLE `tabUser` ADD COLUMN `attire` varchar(140)
2025-10-29 10:48:55,708 WARNING database DDL Query made to DB:
ALTER TABLE `tabWeb Form` ADD COLUMN `amount_field` varchar(140)
2025-10-29 10:48:55,871 WARNING database DDL Query made to DB:
ALTER TABLE `tabUser` ADD COLUMN `collaboration` varchar(140)
2025-10-29 10:48:56,071 WARNING database DDL Query made to DB:
ALTER TABLE `tabWeb Form` ADD COLUMN `amount` decimal(21,9) NOT NULL DEFAULT 0.0
2025-10-29 10:48:56,187 WARNING database DDL Query made to DB:
ALTER TABLE `tabWeb Form` ADD COLUMN `currency` varchar(140)
2025-10-29 10:48:56,335 WARNING database DDL Query made to DB:
ALTER TABLE `tabUser` ADD COLUMN `role` varchar(140)
2025-10-29 10:48:56,424 WARNING database DDL Query made to DB:
ALTER TABLE `tabWeb Form` ADD COLUMN `amount_based_on_field` tinyint(4) NOT NULL DEFAULT 0
2025-10-29 10:48:56,926 WARNING database DDL Query made to DB:
ALTER TABLE `tabUser` ADD COLUMN `location_preference` varchar(140)
2025-10-29 10:48:57,035 WARNING database DDL Query made to DB:
ALTER TABLE `tabWeb Form` ADD COLUMN `payment_button_help` text
2025-10-29 10:48:57,289 WARNING database DDL Query made to DB:
ALTER TABLE `tabUser` ADD COLUMN `time` varchar(140)
2025-10-29 10:48:57,516 WARNING database DDL Query made to DB:
ALTER TABLE `tabWeb Form` ADD COLUMN `payment_gateway` varchar(140)
2025-10-29 10:48:57,803 WARNING database DDL Query made to DB:
ALTER TABLE `tabUser` ADD COLUMN `company_type` varchar(140)
2025-10-29 10:48:58,126 WARNING database DDL Query made to DB:
ALTER TABLE `tabUser` ADD COLUMN `headline` varchar(140)
2025-10-29 10:48:58,466 WARNING database DDL Query made to DB:
ALTER TABLE `tabUser` ADD COLUMN `city` varchar(140)
2025-10-29 10:48:58,758 WARNING database DDL Query made to DB:
ALTER TABLE `tabUser` ADD COLUMN `college` varchar(140)
2025-10-29 10:48:59,013 WARNING database DDL Query made to DB:
ALTER TABLE `tabUser` ADD COLUMN `branch` varchar(140)
2025-10-29 10:49:43,186 WARNING database DDL Query made to DB:
create table `tabPayment Gateway` (
			name varchar(140) primary key,
			creation datetime(6),
			modified datetime(6),
			modified_by varchar(140),
			owner varchar(140),
			docstatus tinyint not null default '0',
			idx int not null default '0',
			`gateway` varchar(140) UNIQUE,
`gateway_settings` varchar(140),
`gateway_controller` varchar(140),
`_user_tags` text,
`_comments` text,
`_assign` text,
`_liked_by` text,
index creation(creation),
index modified(modified))
			ENGINE=InnoDB
			ROW_FORMAT=DYNAMIC
			CHARACTER SET=utf8mb4
			COLLATE=utf8mb4_unicode_ci
2025-10-29 10:49:43,300 WARNING database DDL Query made to DB:
create table `tabMpesa Settings` (
			name varchar(140) primary key,
			creation datetime(6),
			modified datetime(6),
			modified_by varchar(140),
			owner varchar(140),
			docstatus tinyint not null default '0',
			idx int not null default '0',
			`payment_gateway_name` varchar(140) UNIQUE,
`consumer_key` varchar(140),
`consumer_secret` text,
`initiator_name` varchar(140),
`till_number` varchar(140),
`transaction_limit` decimal(21,9) NOT NULL DEFAULT 150000.0,
`sandbox` tinyint(4) NOT NULL DEFAULT 0,
`business_shortcode` varchar(140),
`online_passkey` text,
`security_credential` text,
`account_balance` longtext,
`_user_tags` text,
`_comments` text,
`_assign` text,
`_liked_by` text,
index creation(creation),
index modified(modified))
			ENGINE=InnoDB
			ROW_FORMAT=DYNAMIC
			CHARACTER SET=utf8mb4
			COLLATE=utf8mb4_unicode_ci
2025-10-29 10:49:43,388 WARNING database DDL Query made to DB:
create table `tabBraintree Settings` (
			name varchar(140) primary key,
			creation datetime(6),
			modified datetime(6),
			modified_by varchar(140),
			owner varchar(140),
			docstatus tinyint not null default '0',
			idx int not null default '0',
			`gateway_name` varchar(140),
`merchant_id` varchar(140),
`public_key` varchar(140),
`private_key` text,
`use_sandbox` tinyint(4) NOT NULL DEFAULT 0,
`header_img` text,
`_user_tags` text,
`_comments` text,
`_assign` text,
`_liked_by` text,
index creation(creation),
index modified(modified))
			ENGINE=InnoDB
			ROW_FORMAT=DYNAMIC
			CHARACTER SET=utf8mb4
			COLLATE=utf8mb4_unicode_ci
2025-10-29 10:49:43,509 WARNING database DDL Query made to DB:
create table `tabGoCardless Settings` (
			name varchar(140) primary key,
			creation datetime(6),
			modified datetime(6),
			modified_by varchar(140),
			owner varchar(140),
			docstatus tinyint not null default '0',
			idx int not null default '0',
			`gateway_name` varchar(140) UNIQUE,
`access_token` varchar(140),
`webhooks_secret` varchar(140),
`use_sandbox` tinyint(4) NOT NULL DEFAULT 0,
`header_img` text,
`_user_tags` text,
`_comments` text,
`_assign` text,
`_liked_by` text,
index creation(creation),
index modified(modified))
			ENGINE=InnoDB
			ROW_FORMAT=DYNAMIC
			CHARACTER SET=utf8mb4
			COLLATE=utf8mb4_unicode_ci
2025-10-29 10:49:43,770 WARNING database DDL Query made to DB:
create table `tabGoCardless Mandate` (
			name varchar(140) primary key,
			creation datetime(6),
			modified datetime(6),
			modified_by varchar(140),
			owner varchar(140),
			docstatus tinyint not null default '0',
			idx int not null default '0',
			`disabled` tinyint(4) NOT NULL DEFAULT 0,
`mandate` varchar(140) UNIQUE,
`gocardless_customer` varchar(140),
`_user_tags` text,
`_comments` text,
`_assign` text,
`_liked_by` text,
index creation(creation),
index modified(modified))
			ENGINE=InnoDB
			ROW_FORMAT=DYNAMIC
			CHARACTER SET=utf8mb4
			COLLATE=utf8mb4_unicode_ci
2025-10-29 10:49:44,021 WARNING database DDL Query made to DB:
create table `tabStripe Settings` (
			name varchar(140) primary key,
			creation datetime(6),
			modified datetime(6),
			modified_by varchar(140),
			owner varchar(140),
			docstatus tinyint not null default '0',
			idx int not null default '0',
			`gateway_name` varchar(140),
`publishable_key` varchar(140),
`secret_key` text,
`header_img` text,
`redirect_url` varchar(140),
`_user_tags` text,
`_comments` text,
`_assign` text,
`_liked_by` text,
index creation(creation),
index modified(modified))
			ENGINE=InnoDB
			ROW_FORMAT=DYNAMIC
			CHARACTER SET=utf8mb4
			COLLATE=utf8mb4_unicode_ci
2025-10-29 10:58:50,820 WARNING database DDL Query made to DB:
create table `tabColab Companies` (
			name varchar(140) primary key,
			creation datetime(6),
			modified datetime(6),
			modified_by varchar(140),
			owner varchar(140),
			docstatus tinyint not null default '0',
			idx int not null default '0',
			`_user_tags` text,
`_comments` text,
`_assign` text,
`_liked_by` text,
index creation(creation))
			ENGINE=InnoDB
			ROW_FORMAT=DYNAMIC
			CHARACTER SET=utf8mb4
			COLLATE=utf8mb4_unicode_ci
2025-10-29 10:59:39,272 WARNING database DDL Query made to DB:
ALTER TABLE `tabColab Companies` ADD COLUMN `company_name` varchar(140), ADD COLUMN `company_logo` text
2025-10-29 11:06:25,583 WARNING database DDL Query made to DB:
create table `tabFaq` (
			name varchar(140) primary key,
			creation datetime(6),
			modified datetime(6),
			modified_by varchar(140),
			owner varchar(140),
			docstatus tinyint not null default '0',
			idx int not null default '0',
			`_user_tags` text,
`_comments` text,
`_assign` text,
`_liked_by` text,
index creation(creation))
			ENGINE=InnoDB
			ROW_FORMAT=DYNAMIC
			CHARACTER SET=utf8mb4
			COLLATE=utf8mb4_unicode_ci
2025-10-29 11:08:22,522 WARNING database DDL Query made to DB:
ALTER TABLE `tabFaq` ADD COLUMN `question` text
2025-10-29 11:08:33,250 WARNING database DDL Query made to DB:
ALTER TABLE `tabFaq` ADD COLUMN `answer` text
2025-10-29 11:09:05,268 WARNING database DDL Query made to DB:
ALTER TABLE `tabFaq` ADD COLUMN `published` tinyint(4) NOT NULL DEFAULT 0
